{"name": "Авторизованный пользователь может оформить заказ", "status": "broken", "statusDetails": {"message": "selenium.common.exceptions.NoSuchElementException: Message: no such element: Unable to locate element: {\"method\":\"xpath\",\"selector\":\".//label[text() = \"Email\"]/following-sibling::input\"}\n  (Session info: chrome=127.0.6533.89); For documentation on this error, please visit: https://www.selenium.dev/documentation/webdriver/troubleshooting/errors#no-such-element-exception\nStacktrace:\n\tGetHandleVerifier [0x00007FF755099632+30946]\n\t(No symbol) [0x00007FF75504E3C9]\n\t(No symbol) [0x00007FF754F46FDA]\n\t(No symbol) [0x00007FF754F9822C]\n\t(No symbol) [0x00007FF754F9850C]\n\t(No symbol) [0x00007FF754FDDCB7]\n\t(No symbol) [0x00007FF754FBCAAF]\n\t(No symbol) [0x00007FF754FDB041]\n\t(No symbol) [0x00007FF754FBC813]\n\t(No symbol) [0x00007FF754F8A6E5]\n\t(No symbol) [0x00007FF754F8B021]\n\tGetHandleVerifier [0x00007FF7551CF83D+1301229]\n\tGetHandleVerifier [0x00007FF7551DBDB7+1351783]\n\tGetHandleVerifier [0x00007FF7551D2A03+1313971]\n\tGetHandleVerifier [0x00007FF7550CDD06+245686]\n\t(No symbol) [0x00007FF75505758F]\n\t(No symbol) [0x00007FF755053804]\n\t(No symbol) [0x00007FF755053992]\n\t(No symbol) [0x00007FF75504A3EF]\n\tBaseThreadInitThunk [0x00007FFC33317374+20]\n\tRtlUserThreadStart [0x00007FFC3419CC91+33]", "trace": "self = <test.test_main_page.TestMainPage object at 0x0000028805343560>, driver = <selenium.webdriver.chrome.webdriver.WebDriver (session=\"19bbe454dcf55356ec277604b1242450\")>\n\n    @allure.title('Авторизованный пользователь может оформить заказ')\n    def test_make_order_auth_user(self, driver):\n        main_page = MainPage(driver)\n        main_page.open_main_page()\n        main_page.wait_click_account_butt()\n        login_page = LoginPage(driver)\n>       login_page.login_account(TestData.user_data)\n\ntest\\test_main_page.py:53: \n_ _ _ _ _ _ _ _ _ _ _ _ _ _ _ _ _ _ _ _ _ _ _ _ _ _ _ _ _ _ _ _ _ _ _ _ _ _ _ _ _ _ _ _ _ _ _ _ _ _ _ _ _ _ _ _ _ _ _ _ _ _ _ _ _ _ _ _ _ _ _ _ _ _ _ _ _ _ _ _ _ _ _ _ _ _ _ _ _ _ _ _\npages\\login_page.py:28: in login_account\n    self.set_email(user['email'])\npages\\login_page.py:9: in set_email\n    return self.send_keys(LoginPageLocators.INPUT_EMAIL, email)\npages\\base_page.py:27: in send_keys\n    return self.driver.find_element(*locator).send_keys(value)\nvenv\\Lib\\site-packages\\selenium\\webdriver\\remote\\webdriver.py:748: in find_element\n    return self.execute(Command.FIND_ELEMENT, {\"using\": by, \"value\": value})[\"value\"]\nvenv\\Lib\\site-packages\\selenium\\webdriver\\remote\\webdriver.py:354: in execute\n    self.error_handler.check_response(response)\n_ _ _ _ _ _ _ _ _ _ _ _ _ _ _ _ _ _ _ _ _ _ _ _ _ _ _ _ _ _ _ _ _ _ _ _ _ _ _ _ _ _ _ _ _ _ _ _ _ _ _ _ _ _ _ _ _ _ _ _ _ _ _ _ _ _ _ _ _ _ _ _ _ _ _ _ _ _ _ _ _ _ _ _ _ _ _ _ _ _ _ _\n\nself = <selenium.webdriver.remote.errorhandler.ErrorHandler object at 0x00000288053AF140>\nresponse = {'status': 404, 'value': '{\"value\":{\"error\":\"no such element\",\"message\":\"no such element: Unable to locate element: {\\...07FF75504A3EF]\\\\n\\\\tBaseThreadInitThunk [0x00007FFC33317374+20]\\\\n\\\\tRtlUserThreadStart [0x00007FFC3419CC91+33]\\\\n\"}}'}\n\n    def check_response(self, response: Dict[str, Any]) -> None:\n        \"\"\"Checks that a JSON response from the WebDriver does not have an\n        error.\n    \n        :Args:\n         - response - The JSON response from the WebDriver server as a dictionary\n           object.\n    \n        :Raises: If the response contains an error message.\n        \"\"\"\n        status = response.get(\"status\", None)\n        if not status or status == ErrorCode.SUCCESS:\n            return\n        value = None\n        message = response.get(\"message\", \"\")\n        screen: str = response.get(\"screen\", \"\")\n        stacktrace = None\n        if isinstance(status, int):\n            value_json = response.get(\"value\", None)\n            if value_json and isinstance(value_json, str):\n                import json\n    \n                try:\n                    value = json.loads(value_json)\n                    if len(value) == 1:\n                        value = value[\"value\"]\n                    status = value.get(\"error\", None)\n                    if not status:\n                        status = value.get(\"status\", ErrorCode.UNKNOWN_ERROR)\n                        message = value.get(\"value\") or value.get(\"message\")\n                        if not isinstance(message, str):\n                            value = message\n                            message = message.get(\"message\")\n                    else:\n                        message = value.get(\"message\", None)\n                except ValueError:\n                    pass\n    \n        exception_class: Type[WebDriverException]\n        e = ErrorCode()\n        error_codes = [item for item in dir(e) if not item.startswith(\"__\")]\n        for error_code in error_codes:\n            error_info = getattr(ErrorCode, error_code)\n            if isinstance(error_info, list) and status in error_info:\n                exception_class = getattr(ExceptionMapping, error_code, WebDriverException)\n                break\n        else:\n            exception_class = WebDriverException\n    \n        if not value:\n            value = response[\"value\"]\n        if isinstance(value, str):\n            raise exception_class(value)\n        if message == \"\" and \"message\" in value:\n            message = value[\"message\"]\n    \n        screen = None  # type: ignore[assignment]\n        if \"screen\" in value:\n            screen = value[\"screen\"]\n    \n        stacktrace = None\n        st_value = value.get(\"stackTrace\") or value.get(\"stacktrace\")\n        if st_value:\n            if isinstance(st_value, str):\n                stacktrace = st_value.split(\"\\n\")\n            else:\n                stacktrace = []\n                try:\n                    for frame in st_value:\n                        line = frame.get(\"lineNumber\", \"\")\n                        file = frame.get(\"fileName\", \"<anonymous>\")\n                        if line:\n                            file = f\"{file}:{line}\"\n                        meth = frame.get(\"methodName\", \"<anonymous>\")\n                        if \"className\" in frame:\n                            meth = f\"{frame['className']}.{meth}\"\n                        msg = \"    at %s (%s)\"\n                        msg = msg % (meth, file)\n                        stacktrace.append(msg)\n                except TypeError:\n                    pass\n        if exception_class == UnexpectedAlertPresentException:\n            alert_text = None\n            if \"data\" in value:\n                alert_text = value[\"data\"].get(\"text\")\n            elif \"alert\" in value:\n                alert_text = value[\"alert\"].get(\"text\")\n            raise exception_class(message, screen, stacktrace, alert_text)  # type: ignore[call-arg]  # mypy is not smart enough here\n>       raise exception_class(message, screen, stacktrace)\nE       selenium.common.exceptions.NoSuchElementException: Message: no such element: Unable to locate element: {\"method\":\"xpath\",\"selector\":\".//label[text() = \"Email\"]/following-sibling::input\"}\nE         (Session info: chrome=127.0.6533.89); For documentation on this error, please visit: https://www.selenium.dev/documentation/webdriver/troubleshooting/errors#no-such-element-exception\nE       Stacktrace:\nE       \tGetHandleVerifier [0x00007FF755099632+30946]\nE       \t(No symbol) [0x00007FF75504E3C9]\nE       \t(No symbol) [0x00007FF754F46FDA]\nE       \t(No symbol) [0x00007FF754F9822C]\nE       \t(No symbol) [0x00007FF754F9850C]\nE       \t(No symbol) [0x00007FF754FDDCB7]\nE       \t(No symbol) [0x00007FF754FBCAAF]\nE       \t(No symbol) [0x00007FF754FDB041]\nE       \t(No symbol) [0x00007FF754FBC813]\nE       \t(No symbol) [0x00007FF754F8A6E5]\nE       \t(No symbol) [0x00007FF754F8B021]\nE       \tGetHandleVerifier [0x00007FF7551CF83D+1301229]\nE       \tGetHandleVerifier [0x00007FF7551DBDB7+1351783]\nE       \tGetHandleVerifier [0x00007FF7551D2A03+1313971]\nE       \tGetHandleVerifier [0x00007FF7550CDD06+245686]\nE       \t(No symbol) [0x00007FF75505758F]\nE       \t(No symbol) [0x00007FF755053804]\nE       \t(No symbol) [0x00007FF755053992]\nE       \t(No symbol) [0x00007FF75504A3EF]\nE       \tBaseThreadInitThunk [0x00007FFC33317374+20]\nE       \tRtlUserThreadStart [0x00007FFC3419CC91+33]\n\nvenv\\Lib\\site-packages\\selenium\\webdriver\\remote\\errorhandler.py:229: NoSuchElementException"}, "steps": [{"name": "Открыть главную страницу Stellar Burgers", "status": "passed", "start": 1722458552232, "stop": 1722458552351}, {"name": "Дождаться и нажать на кнопку Личный кабинет в мозиле", "status": "passed", "start": 1722458552351, "stop": 1722458552631}, {"name": "Авторизация", "status": "broken", "statusDetails": {"message": "selenium.common.exceptions.NoSuchElementException: Message: no such element: Unable to locate element: {\"method\":\"xpath\",\"selector\":\".//label[text() = \"Email\"]/following-sibling::input\"}\n  (Session info: chrome=127.0.6533.89); For documentation on this error, please visit: https://www.selenium.dev/documentation/webdriver/troubleshooting/errors#no-such-element-exception\nStacktrace:\n\tGetHandleVerifier [0x00007FF755099632+30946]\n\t(No symbol) [0x00007FF75504E3C9]\n\t(No symbol) [0x00007FF754F46FDA]\n\t(No symbol) [0x00007FF754F9822C]\n\t(No symbol) [0x00007FF754F9850C]\n\t(No symbol) [0x00007FF754FDDCB7]\n\t(No symbol) [0x00007FF754FBCAAF]\n\t(No symbol) [0x00007FF754FDB041]\n\t(No symbol) [0x00007FF754FBC813]\n\t(No symbol) [0x00007FF754F8A6E5]\n\t(No symbol) [0x00007FF754F8B021]\n\tGetHandleVerifier [0x00007FF7551CF83D+1301229]\n\tGetHandleVerifier [0x00007FF7551DBDB7+1351783]\n\tGetHandleVerifier [0x00007FF7551D2A03+1313971]\n\tGetHandleVerifier [0x00007FF7550CDD06+245686]\n\t(No symbol) [0x00007FF75505758F]\n\t(No symbol) [0x00007FF755053804]\n\t(No symbol) [0x00007FF755053992]\n\t(No symbol) [0x00007FF75504A3EF]\n\tBaseThreadInitThunk [0x00007FFC33317374+20]\n\tRtlUserThreadStart [0x00007FFC3419CC91+33]\n\n", "trace": "  File \"C:\\Users\\Doraido\\Desktop\\Япрактикум\\Диплом\\Diplom\\Diplom_3\\venv\\Lib\\site-packages\\allure_commons\\_allure.py\", line 192, in impl\n    return func(*a, **kw)\n           ^^^^^^^^^^^^^^\n  File \"C:\\Users\\Doraido\\Desktop\\Япрактикум\\Диплом\\Diplom\\Diplom_3\\pages\\login_page.py\", line 28, in login_account\n    self.set_email(user['email'])\n  File \"C:\\Users\\Doraido\\Desktop\\Япрактикум\\Диплом\\Diplom\\Diplom_3\\venv\\Lib\\site-packages\\allure_commons\\_allure.py\", line 192, in impl\n    return func(*a, **kw)\n           ^^^^^^^^^^^^^^\n  File \"C:\\Users\\Doraido\\Desktop\\Япрактикум\\Диплом\\Diplom\\Diplom_3\\pages\\login_page.py\", line 9, in set_email\n    return self.send_keys(LoginPageLocators.INPUT_EMAIL, email)\n           ^^^^^^^^^^^^^^^^^^^^^^^^^^^^^^^^^^^^^^^^^^^^^^^^^^^^\n  File \"C:\\Users\\Doraido\\Desktop\\Япрактикум\\Диплом\\Diplom\\Diplom_3\\pages\\base_page.py\", line 27, in send_keys\n    return self.driver.find_element(*locator).send_keys(value)\n           ^^^^^^^^^^^^^^^^^^^^^^^^^^^^^^^^^^\n  File \"C:\\Users\\Doraido\\Desktop\\Япрактикум\\Диплом\\Diplom\\Diplom_3\\venv\\Lib\\site-packages\\selenium\\webdriver\\remote\\webdriver.py\", line 748, in find_element\n    return self.execute(Command.FIND_ELEMENT, {\"using\": by, \"value\": value})[\"value\"]\n           ^^^^^^^^^^^^^^^^^^^^^^^^^^^^^^^^^^^^^^^^^^^^^^^^^^^^^^^^^^^^^^^^^\n  File \"C:\\Users\\Doraido\\Desktop\\Япрактикум\\Диплом\\Diplom\\Diplom_3\\venv\\Lib\\site-packages\\selenium\\webdriver\\remote\\webdriver.py\", line 354, in execute\n    self.error_handler.check_response(response)\n  File \"C:\\Users\\Doraido\\Desktop\\Япрактикум\\Диплом\\Diplom\\Diplom_3\\venv\\Lib\\site-packages\\selenium\\webdriver\\remote\\errorhandler.py\", line 229, in check_response\n    raise exception_class(message, screen, stacktrace)\n"}, "steps": [{"name": "Ввести почту", "status": "broken", "statusDetails": {"message": "selenium.common.exceptions.NoSuchElementException: Message: no such element: Unable to locate element: {\"method\":\"xpath\",\"selector\":\".//label[text() = \"Email\"]/following-sibling::input\"}\n  (Session info: chrome=127.0.6533.89); For documentation on this error, please visit: https://www.selenium.dev/documentation/webdriver/troubleshooting/errors#no-such-element-exception\nStacktrace:\n\tGetHandleVerifier [0x00007FF755099632+30946]\n\t(No symbol) [0x00007FF75504E3C9]\n\t(No symbol) [0x00007FF754F46FDA]\n\t(No symbol) [0x00007FF754F9822C]\n\t(No symbol) [0x00007FF754F9850C]\n\t(No symbol) [0x00007FF754FDDCB7]\n\t(No symbol) [0x00007FF754FBCAAF]\n\t(No symbol) [0x00007FF754FDB041]\n\t(No symbol) [0x00007FF754FBC813]\n\t(No symbol) [0x00007FF754F8A6E5]\n\t(No symbol) [0x00007FF754F8B021]\n\tGetHandleVerifier [0x00007FF7551CF83D+1301229]\n\tGetHandleVerifier [0x00007FF7551DBDB7+1351783]\n\tGetHandleVerifier [0x00007FF7551D2A03+1313971]\n\tGetHandleVerifier [0x00007FF7550CDD06+245686]\n\t(No symbol) [0x00007FF75505758F]\n\t(No symbol) [0x00007FF755053804]\n\t(No symbol) [0x00007FF755053992]\n\t(No symbol) [0x00007FF75504A3EF]\n\tBaseThreadInitThunk [0x00007FFC33317374+20]\n\tRtlUserThreadStart [0x00007FFC3419CC91+33]\n\n", "trace": "  File \"C:\\Users\\Doraido\\Desktop\\Япрактикум\\Диплом\\Diplom\\Diplom_3\\venv\\Lib\\site-packages\\allure_commons\\_allure.py\", line 192, in impl\n    return func(*a, **kw)\n           ^^^^^^^^^^^^^^\n  File \"C:\\Users\\Doraido\\Desktop\\Япрактикум\\Диплом\\Diplom\\Diplom_3\\pages\\login_page.py\", line 9, in set_email\n    return self.send_keys(LoginPageLocators.INPUT_EMAIL, email)\n           ^^^^^^^^^^^^^^^^^^^^^^^^^^^^^^^^^^^^^^^^^^^^^^^^^^^^\n  File \"C:\\Users\\Doraido\\Desktop\\Япрактикум\\Диплом\\Diplom\\Diplom_3\\pages\\base_page.py\", line 27, in send_keys\n    return self.driver.find_element(*locator).send_keys(value)\n           ^^^^^^^^^^^^^^^^^^^^^^^^^^^^^^^^^^\n  File \"C:\\Users\\Doraido\\Desktop\\Япрактикум\\Диплом\\Diplom\\Diplom_3\\venv\\Lib\\site-packages\\selenium\\webdriver\\remote\\webdriver.py\", line 748, in find_element\n    return self.execute(Command.FIND_ELEMENT, {\"using\": by, \"value\": value})[\"value\"]\n           ^^^^^^^^^^^^^^^^^^^^^^^^^^^^^^^^^^^^^^^^^^^^^^^^^^^^^^^^^^^^^^^^^\n  File \"C:\\Users\\Doraido\\Desktop\\Япрактикум\\Диплом\\Diplom\\Diplom_3\\venv\\Lib\\site-packages\\selenium\\webdriver\\remote\\webdriver.py\", line 354, in execute\n    self.error_handler.check_response(response)\n  File \"C:\\Users\\Doraido\\Desktop\\Япрактикум\\Диплом\\Diplom\\Diplom_3\\venv\\Lib\\site-packages\\selenium\\webdriver\\remote\\errorhandler.py\", line 229, in check_response\n    raise exception_class(message, screen, stacktrace)\n"}, "parameters": [{"name": "email", "value": "'Doraido_Pavlov@yandex.ru'"}], "start": 1722458552631, "stop": 1722458552638}], "parameters": [{"name": "user", "value": "{'name': 'Eduard', 'email': 'Doraido_Pavlov@yandex.ru', 'password': 'Doraido_123'}"}], "start": 1722458552631, "stop": 1722458552640}], "parameters": [{"name": "driver", "value": "'chrome'"}], "start": 1722458552232, "stop": 1722458552641, "uuid": "01e2253d-e781-4af2-9039-806c369d6c66", "historyId": "ead4e5ad8659b87e9398b2c811b5e985", "testCaseId": "9607448e3ef2714dc0fd230545c47be4", "fullName": "test.test_main_page.TestMainPage#test_make_order_auth_user", "labels": [{"name": "parentSuite", "value": "test"}, {"name": "suite", "value": "test_main_page"}, {"name": "subSuite", "value": "TestMainPage"}, {"name": "host", "value": "DESKTOP-MUFNET6"}, {"name": "thread", "value": "66456-MainThread"}, {"name": "framework", "value": "pytest"}, {"name": "language", "value": "cpython3"}, {"name": "package", "value": "test.test_main_page"}]}