{"name": "Клик по кнопке показать/скрыть пароль делает поле активным", "status": "broken", "statusDetails": {"message": "selenium.common.exceptions.TimeoutException: Message: \nStacktrace:\n\tGetHandleVerifier [0x00007FF755099632+30946]\n\t(No symbol) [0x00007FF75504E3C9]\n\t(No symbol) [0x00007FF754F46FDA]\n\t(No symbol) [0x00007FF754F9822C]\n\t(No symbol) [0x00007FF754F9850C]\n\t(No symbol) [0x00007FF754FDDCB7]\n\t(No symbol) [0x00007FF754FBCAAF]\n\t(No symbol) [0x00007FF754FDB041]\n\t(No symbol) [0x00007FF754FBC813]\n\t(No symbol) [0x00007FF754F8A6E5]\n\t(No symbol) [0x00007FF754F8B021]\n\tGetHandleVerifier [0x00007FF7551CF83D+1301229]\n\tGetHandleVerifier [0x00007FF7551DBDB7+1351783]\n\tGetHandleVerifier [0x00007FF7551D2A03+1313971]\n\tGetHandleVerifier [0x00007FF7550CDD06+245686]\n\t(No symbol) [0x00007FF75505758F]\n\t(No symbol) [0x00007FF755053804]\n\t(No symbol) [0x00007FF755053992]\n\t(No symbol) [0x00007FF75504A3EF]\n\tBaseThreadInitThunk [0x00007FFC33317374+20]\n\tRtlUserThreadStart [0x00007FFC3419CC91+33]", "trace": "self = <test.test_recovery.TestRecoveryPage object at 0x000002880537B380>, driver = <selenium.webdriver.chrome.webdriver.WebDriver (session=\"c8373ad49aca816675853eb561262e53\")>\n\n    @allure.title('Клик по кнопке показать/скрыть пароль делает поле активным')\n    def test_eye_button(self, driver):\n        main_page = MainPage(driver)\n        main_page.open_main_page()\n        main_page.click_acc_but()\n        login_page = LoginPage(driver)\n>       login_page.click_recover_password_button()\n\ntest\\test_recovery.py:40: \n_ _ _ _ _ _ _ _ _ _ _ _ _ _ _ _ _ _ _ _ _ _ _ _ _ _ _ _ _ _ _ _ _ _ _ _ _ _ _ _ _ _ _ _ _ _ _ _ _ _ _ _ _ _ _ _ _ _ _ _ _ _ _ _ _ _ _ _ _ _ _ _ _ _ _ _ _ _ _ _ _ _ _ _ _ _ _ _ _ _ _ _\npages\\login_page.py:38: in click_recover_password_button\n    self.wait_element(LoginPageLocators.RECOVER_PASSWORD_BUTTON)\npages\\base_page.py:33: in wait_element\n    return WebDriverWait(self.driver, 20).until(expected_conditions.visibility_of_element_located(locator))\n_ _ _ _ _ _ _ _ _ _ _ _ _ _ _ _ _ _ _ _ _ _ _ _ _ _ _ _ _ _ _ _ _ _ _ _ _ _ _ _ _ _ _ _ _ _ _ _ _ _ _ _ _ _ _ _ _ _ _ _ _ _ _ _ _ _ _ _ _ _ _ _ _ _ _ _ _ _ _ _ _ _ _ _ _ _ _ _ _ _ _ _\n\nself = <selenium.webdriver.support.wait.WebDriverWait (session=\"c8373ad49aca816675853eb561262e53\")>\nmethod = <function visibility_of_element_located.<locals>._predicate at 0x000002880542B240>, message = ''\n\n    def until(self, method: Callable[[D], Union[Literal[False], T]], message: str = \"\") -> T:\n        \"\"\"Calls the method provided with the driver as an argument until the \\\n        return value does not evaluate to ``False``.\n    \n        :param method: callable(WebDriver)\n        :param message: optional message for :exc:`TimeoutException`\n        :returns: the result of the last call to `method`\n        :raises: :exc:`selenium.common.exceptions.TimeoutException` if timeout occurs\n        \"\"\"\n        screen = None\n        stacktrace = None\n    \n        end_time = time.monotonic() + self._timeout\n        while True:\n            try:\n                value = method(self._driver)\n                if value:\n                    return value\n            except self._ignored_exceptions as exc:\n                screen = getattr(exc, \"screen\", None)\n                stacktrace = getattr(exc, \"stacktrace\", None)\n            time.sleep(self._poll)\n            if time.monotonic() > end_time:\n                break\n>       raise TimeoutException(message, screen, stacktrace)\nE       selenium.common.exceptions.TimeoutException: Message: \nE       Stacktrace:\nE       \tGetHandleVerifier [0x00007FF755099632+30946]\nE       \t(No symbol) [0x00007FF75504E3C9]\nE       \t(No symbol) [0x00007FF754F46FDA]\nE       \t(No symbol) [0x00007FF754F9822C]\nE       \t(No symbol) [0x00007FF754F9850C]\nE       \t(No symbol) [0x00007FF754FDDCB7]\nE       \t(No symbol) [0x00007FF754FBCAAF]\nE       \t(No symbol) [0x00007FF754FDB041]\nE       \t(No symbol) [0x00007FF754FBC813]\nE       \t(No symbol) [0x00007FF754F8A6E5]\nE       \t(No symbol) [0x00007FF754F8B021]\nE       \tGetHandleVerifier [0x00007FF7551CF83D+1301229]\nE       \tGetHandleVerifier [0x00007FF7551DBDB7+1351783]\nE       \tGetHandleVerifier [0x00007FF7551D2A03+1313971]\nE       \tGetHandleVerifier [0x00007FF7550CDD06+245686]\nE       \t(No symbol) [0x00007FF75505758F]\nE       \t(No symbol) [0x00007FF755053804]\nE       \t(No symbol) [0x00007FF755053992]\nE       \t(No symbol) [0x00007FF75504A3EF]\nE       \tBaseThreadInitThunk [0x00007FFC33317374+20]\nE       \tRtlUserThreadStart [0x00007FFC3419CC91+33]\n\nvenv\\Lib\\site-packages\\selenium\\webdriver\\support\\wait.py:105: TimeoutException"}, "steps": [{"name": "Открыть главную страницу Stellar Burgers", "status": "passed", "start": 1722458889239, "stop": 1722458889347}, {"name": "Клик на кнопку Личный кабинет chrome", "status": "passed", "start": 1722458889347, "stop": 1722458889639}, {"name": "Нажать на кнопку Восстановить пароль", "status": "broken", "statusDetails": {"message": "selenium.common.exceptions.TimeoutException: Message: \nStacktrace:\n\tGetHandleVerifier [0x00007FF755099632+30946]\n\t(No symbol) [0x00007FF75504E3C9]\n\t(No symbol) [0x00007FF754F46FDA]\n\t(No symbol) [0x00007FF754F9822C]\n\t(No symbol) [0x00007FF754F9850C]\n\t(No symbol) [0x00007FF754FDDCB7]\n\t(No symbol) [0x00007FF754FBCAAF]\n\t(No symbol) [0x00007FF754FDB041]\n\t(No symbol) [0x00007FF754FBC813]\n\t(No symbol) [0x00007FF754F8A6E5]\n\t(No symbol) [0x00007FF754F8B021]\n\tGetHandleVerifier [0x00007FF7551CF83D+1301229]\n\tGetHandleVerifier [0x00007FF7551DBDB7+1351783]\n\tGetHandleVerifier [0x00007FF7551D2A03+1313971]\n\tGetHandleVerifier [0x00007FF7550CDD06+245686]\n\t(No symbol) [0x00007FF75505758F]\n\t(No symbol) [0x00007FF755053804]\n\t(No symbol) [0x00007FF755053992]\n\t(No symbol) [0x00007FF75504A3EF]\n\tBaseThreadInitThunk [0x00007FFC33317374+20]\n\tRtlUserThreadStart [0x00007FFC3419CC91+33]\n\n", "trace": "  File \"C:\\Users\\Doraido\\Desktop\\Япрактикум\\Диплом\\Diplom\\Diplom_3\\venv\\Lib\\site-packages\\allure_commons\\_allure.py\", line 192, in impl\n    return func(*a, **kw)\n           ^^^^^^^^^^^^^^\n  File \"C:\\Users\\Doraido\\Desktop\\Япрактикум\\Диплом\\Diplom\\Diplom_3\\pages\\login_page.py\", line 38, in click_recover_password_button\n    self.wait_element(LoginPageLocators.RECOVER_PASSWORD_BUTTON)\n  File \"C:\\Users\\Doraido\\Desktop\\Япрактикум\\Диплом\\Diplom\\Diplom_3\\pages\\base_page.py\", line 33, in wait_element\n    return WebDriverWait(self.driver, 20).until(expected_conditions.visibility_of_element_located(locator))\n           ^^^^^^^^^^^^^^^^^^^^^^^^^^^^^^^^^^^^^^^^^^^^^^^^^^^^^^^^^^^^^^^^^^^^^^^^^^^^^^^^^^^^^^^^^^^^^^^^\n  File \"C:\\Users\\Doraido\\Desktop\\Япрактикум\\Диплом\\Diplom\\Diplom_3\\venv\\Lib\\site-packages\\selenium\\webdriver\\support\\wait.py\", line 105, in until\n    raise TimeoutException(message, screen, stacktrace)\n"}, "start": 1722458889639, "stop": 1722458909915}], "parameters": [{"name": "driver", "value": "'chrome'"}], "start": 1722458889238, "stop": 1722458909916, "uuid": "ff3274f4-5e98-423a-9d68-ab068d2b4ed9", "historyId": "a4c84f8f01f5be86fbfadd704b935b1f", "testCaseId": "3263a7989a100328e86bbb1595da91de", "fullName": "test.test_recovery.TestRecoveryPage#test_eye_button", "labels": [{"name": "parentSuite", "value": "test"}, {"name": "suite", "value": "test_recovery"}, {"name": "subSuite", "value": "TestRecoveryPage"}, {"name": "host", "value": "DESKTOP-MUFNET6"}, {"name": "thread", "value": "66456-MainThread"}, {"name": "framework", "value": "pytest"}, {"name": "language", "value": "cpython3"}, {"name": "package", "value": "test.test_recovery"}]}