{"name": "Переход в раздел История заказов", "status": "broken", "statusDetails": {"message": "selenium.common.exceptions.TimeoutException: Message: \nStacktrace:\n\tGetHandleVerifier [0x00007FF755099632+30946]\n\t(No symbol) [0x00007FF75504E3C9]\n\t(No symbol) [0x00007FF754F46FDA]\n\t(No symbol) [0x00007FF754F9822C]\n\t(No symbol) [0x00007FF754F9850C]\n\t(No symbol) [0x00007FF754FDDCB7]\n\t(No symbol) [0x00007FF754FBCAAF]\n\t(No symbol) [0x00007FF754FDB041]\n\t(No symbol) [0x00007FF754FBC813]\n\t(No symbol) [0x00007FF754F8A6E5]\n\t(No symbol) [0x00007FF754F8B021]\n\tGetHandleVerifier [0x00007FF7551CF83D+1301229]\n\tGetHandleVerifier [0x00007FF7551DBDB7+1351783]\n\tGetHandleVerifier [0x00007FF7551D2A03+1313971]\n\tGetHandleVerifier [0x00007FF7550CDD06+245686]\n\t(No symbol) [0x00007FF75505758F]\n\t(No symbol) [0x00007FF755053804]\n\t(No symbol) [0x00007FF755053992]\n\t(No symbol) [0x00007FF75504A3EF]\n\tBaseThreadInitThunk [0x00007FFC33317374+20]\n\tRtlUserThreadStart [0x00007FFC3419CC91+33]", "trace": "self = <test.test_profile.TestProfilePage object at 0x0000028805379E50>, driver = <selenium.webdriver.chrome.webdriver.WebDriver (session=\"87386516543c24dd0ed45270d626adae\")>\n\n    @allure.title('Переход в раздел История заказов')\n    def test_cross_order_history(self, driver):\n        main_page = MainPage(driver)\n        main_page.open_main_page()\n        main_page.wait_and_click_account_button()\n        login_page = LoginPage(driver)\n        login_page.login_account(TestData.user_data)\n        main_page.wait_and_click_account_button()\n        profile_page = ProfilePage(driver)\n>       profile_page.click_history_butt()\n\ntest\\test_profile.py:27: \n_ _ _ _ _ _ _ _ _ _ _ _ _ _ _ _ _ _ _ _ _ _ _ _ _ _ _ _ _ _ _ _ _ _ _ _ _ _ _ _ _ _ _ _ _ _ _ _ _ _ _ _ _ _ _ _ _ _ _ _ _ _ _ _ _ _ _ _ _ _ _ _ _ _ _ _ _ _ _ _ _ _ _ _ _ _ _ _ _ _ _ _\npages\\profile_page.py:14: in click_history_butt\n    self.click_problem_element(ProfilePageLocators.HISTORY_BUTTON)\npages\\base_page.py:42: in click_problem_element\n    element = WebDriverWait(self.driver, 20).until(expected_conditions.element_to_be_clickable(locator))\n_ _ _ _ _ _ _ _ _ _ _ _ _ _ _ _ _ _ _ _ _ _ _ _ _ _ _ _ _ _ _ _ _ _ _ _ _ _ _ _ _ _ _ _ _ _ _ _ _ _ _ _ _ _ _ _ _ _ _ _ _ _ _ _ _ _ _ _ _ _ _ _ _ _ _ _ _ _ _ _ _ _ _ _ _ _ _ _ _ _ _ _\n\nself = <selenium.webdriver.support.wait.WebDriverWait (session=\"87386516543c24dd0ed45270d626adae\")>\nmethod = <function element_to_be_clickable.<locals>._predicate at 0x0000028805428FE0>, message = ''\n\n    def until(self, method: Callable[[D], Union[Literal[False], T]], message: str = \"\") -> T:\n        \"\"\"Calls the method provided with the driver as an argument until the \\\n        return value does not evaluate to ``False``.\n    \n        :param method: callable(WebDriver)\n        :param message: optional message for :exc:`TimeoutException`\n        :returns: the result of the last call to `method`\n        :raises: :exc:`selenium.common.exceptions.TimeoutException` if timeout occurs\n        \"\"\"\n        screen = None\n        stacktrace = None\n    \n        end_time = time.monotonic() + self._timeout\n        while True:\n            try:\n                value = method(self._driver)\n                if value:\n                    return value\n            except self._ignored_exceptions as exc:\n                screen = getattr(exc, \"screen\", None)\n                stacktrace = getattr(exc, \"stacktrace\", None)\n            time.sleep(self._poll)\n            if time.monotonic() > end_time:\n                break\n>       raise TimeoutException(message, screen, stacktrace)\nE       selenium.common.exceptions.TimeoutException: Message: \nE       Stacktrace:\nE       \tGetHandleVerifier [0x00007FF755099632+30946]\nE       \t(No symbol) [0x00007FF75504E3C9]\nE       \t(No symbol) [0x00007FF754F46FDA]\nE       \t(No symbol) [0x00007FF754F9822C]\nE       \t(No symbol) [0x00007FF754F9850C]\nE       \t(No symbol) [0x00007FF754FDDCB7]\nE       \t(No symbol) [0x00007FF754FBCAAF]\nE       \t(No symbol) [0x00007FF754FDB041]\nE       \t(No symbol) [0x00007FF754FBC813]\nE       \t(No symbol) [0x00007FF754F8A6E5]\nE       \t(No symbol) [0x00007FF754F8B021]\nE       \tGetHandleVerifier [0x00007FF7551CF83D+1301229]\nE       \tGetHandleVerifier [0x00007FF7551DBDB7+1351783]\nE       \tGetHandleVerifier [0x00007FF7551D2A03+1313971]\nE       \tGetHandleVerifier [0x00007FF7550CDD06+245686]\nE       \t(No symbol) [0x00007FF75505758F]\nE       \t(No symbol) [0x00007FF755053804]\nE       \t(No symbol) [0x00007FF755053992]\nE       \t(No symbol) [0x00007FF75504A3EF]\nE       \tBaseThreadInitThunk [0x00007FFC33317374+20]\nE       \tRtlUserThreadStart [0x00007FFC3419CC91+33]\n\nvenv\\Lib\\site-packages\\selenium\\webdriver\\support\\wait.py:105: TimeoutException"}, "steps": [{"name": "Открыть главную страницу Stellar Burgers", "status": "passed", "start": 1722458743092, "stop": 1722458743199}, {"name": "Дождаться и нажать на кнопку Личный кабинет", "status": "passed", "start": 1722458743199, "stop": 1722458743539}, {"name": "Авторизация", "status": "passed", "steps": [{"name": "Ввести почту", "status": "passed", "parameters": [{"name": "email", "value": "'Doraido_Pavlov@yandex.ru'"}], "start": 1722458743539, "stop": 1722458743598}, {"name": "Ввести пароль", "status": "passed", "parameters": [{"name": "password", "value": "'Doraido_123'"}], "start": 1722458743599, "stop": 1722458743648}, {"name": "Клик на кнопку Войти", "status": "passed", "start": 1722458743648, "stop": 1722458743698}], "parameters": [{"name": "user", "value": "{'name': 'Eduard', 'email': 'Doraido_Pavlov@yandex.ru', 'password': 'Doraido_123'}"}], "start": 1722458743539, "stop": 1722458743698}, {"name": "Дождаться и нажать на кнопку Личный кабинет", "status": "passed", "start": 1722458743698, "stop": 1722458743964}, {"name": "Нажать на кнопку История заказов", "status": "broken", "statusDetails": {"message": "selenium.common.exceptions.TimeoutException: Message: \nStacktrace:\n\tGetHandleVerifier [0x00007FF755099632+30946]\n\t(No symbol) [0x00007FF75504E3C9]\n\t(No symbol) [0x00007FF754F46FDA]\n\t(No symbol) [0x00007FF754F9822C]\n\t(No symbol) [0x00007FF754F9850C]\n\t(No symbol) [0x00007FF754FDDCB7]\n\t(No symbol) [0x00007FF754FBCAAF]\n\t(No symbol) [0x00007FF754FDB041]\n\t(No symbol) [0x00007FF754FBC813]\n\t(No symbol) [0x00007FF754F8A6E5]\n\t(No symbol) [0x00007FF754F8B021]\n\tGetHandleVerifier [0x00007FF7551CF83D+1301229]\n\tGetHandleVerifier [0x00007FF7551DBDB7+1351783]\n\tGetHandleVerifier [0x00007FF7551D2A03+1313971]\n\tGetHandleVerifier [0x00007FF7550CDD06+245686]\n\t(No symbol) [0x00007FF75505758F]\n\t(No symbol) [0x00007FF755053804]\n\t(No symbol) [0x00007FF755053992]\n\t(No symbol) [0x00007FF75504A3EF]\n\tBaseThreadInitThunk [0x00007FFC33317374+20]\n\tRtlUserThreadStart [0x00007FFC3419CC91+33]\n\n", "trace": "  File \"C:\\Users\\Doraido\\Desktop\\Япрактикум\\Диплом\\Diplom\\Diplom_3\\venv\\Lib\\site-packages\\allure_commons\\_allure.py\", line 192, in impl\n    return func(*a, **kw)\n           ^^^^^^^^^^^^^^\n  File \"C:\\Users\\Doraido\\Desktop\\Япрактикум\\Диплом\\Diplom\\Diplom_3\\pages\\profile_page.py\", line 14, in click_history_butt\n    self.click_problem_element(ProfilePageLocators.HISTORY_BUTTON)\n  File \"C:\\Users\\Doraido\\Desktop\\Япрактикум\\Диплом\\Diplom\\Diplom_3\\pages\\base_page.py\", line 42, in click_problem_element\n    element = WebDriverWait(self.driver, 20).until(expected_conditions.element_to_be_clickable(locator))\n              ^^^^^^^^^^^^^^^^^^^^^^^^^^^^^^^^^^^^^^^^^^^^^^^^^^^^^^^^^^^^^^^^^^^^^^^^^^^^^^^^^^^^^^^^^^\n  File \"C:\\Users\\Doraido\\Desktop\\Япрактикум\\Диплом\\Diplom\\Diplom_3\\venv\\Lib\\site-packages\\selenium\\webdriver\\support\\wait.py\", line 105, in until\n    raise TimeoutException(message, screen, stacktrace)\n"}, "start": 1722458743964, "stop": 1722458764208}], "parameters": [{"name": "driver", "value": "'chrome'"}], "start": 1722458743091, "stop": 1722458764209, "uuid": "0c788d4b-1b16-4db1-a906-d3aa3fd4791c", "historyId": "f649e3fb98fd4065c159b368388a1a5d", "testCaseId": "788b443744ba9ab1e4823d98c596bf23", "fullName": "test.test_profile.TestProfilePage#test_cross_order_history", "labels": [{"name": "parentSuite", "value": "test"}, {"name": "suite", "value": "test_profile"}, {"name": "subSuite", "value": "TestProfilePage"}, {"name": "host", "value": "DESKTOP-MUFNET6"}, {"name": "thread", "value": "66456-MainThread"}, {"name": "framework", "value": "pytest"}, {"name": "language", "value": "cpython3"}, {"name": "package", "value": "test.test_profile"}]}